john/board/cdietop.abm
john/board/cdiebtm.abm
john/board/bministr.abm
john/board/cministr.abm
john/marker/blmbeast.abm
john/marker/blmbelle.abm
john/marker/blmpotts.abm
john/marker/blmlumir.abm
john/marker/blmgastn.abm
john/marker/bjmbeast.abm
john/marker/bjmbelle.abm
john/marker/bjmpotts.abm
john/marker/bjmlumir.abm
john/marker/bjmgastn.abm
john/marker/clmbeast.abm
john/marker/clmbelle.abm
john/marker/clmpotts.abm
john/marker/clmlumir.abm
john/marker/clmgastn.abm
john/marker/cjmbeast.abm
john/marker/cjmbelle.abm
john/marker/cjmpotts.abm
john/marker/cjmlumir.abm
john/marker/cjmgastn.abm
john/target/blefou.spr
john/target/clefoudk.spr
john/target/clefouns.spr
john/trivia/cright.abm
john/trivia/cwrong.abm
john/trivia/ctimebit.abm
john/intro/cbubble.abm
john/intro/cpress.abm
john/match/cheart.abm
