john/board/cdietop.abm
john/board/cdiebtm.abm
john/board/bministr.abm
john/board/cministr.abm
john/marker/blmbeast.abm
john/marker/blmbelle.abm
john/marker/blmpotts.abm
john/marker/blmlumir.abm
john/marker/blmgastn.abm
john/marker/bsmbeast.abm
john/marker/bsmbelle.abm
john/marker/bsmpotts.abm
john/marker/bsmlumir.abm
john/marker/bsmgastn.abm
john/marker/clmbeast.abm
john/marker/clmbelle.abm
john/marker/clmpotts.abm
john/marker/clmlumir.abm
john/marker/clmgastn.abm
john/marker/csmbeast.abm
john/marker/csmbelle.abm
john/marker/csmpotts.abm
john/marker/csmlumir.abm
john/marker/csmgastn.abm
john/target/blefou.spr
john/target/clefoudk.spr
john/target/clefouns.spr
john/trivia/cright.abm
john/trivia/cwrong.abm
john/trivia/ctimebit.abm
john/intro/cbubble.abm
john/intro/cpress.abm
john/match/cheart.abm

