dave/sultan/sltnchp2.spr
dave/sultan/fifibody.spr
dave/sultan/fififth.spr
dave/chip/chip.spr
dave/chip/reflect.spr
dave/chip/arrow.abm
dave/chip/brwnchip.abm
dave/chip/yellchip.abm
dave/chip/rfltchip.abm
dave/chip/star.abm
dave/chip/dust.abm
dave/chip/starcurs.abm
dave/ride/philip.spr
dave/ride/bellhrs2.spr
dave/ride/moon.abm
dave/ride/wolfx.spr
dave/ride/bat.spr
dave/whackoff/wolf.spr
dave/whackoff/wharrow.spr
dave/misc/stages.abm
dave/chopper/log.abm
dave/stove/fire.abm
dave/stove/mspotts.spr
dave/stove/water.spr
dave/spit/spit.abm
dave/spit/bar.abm
dave/spit/gheada.spr
dave/spit/gheadb.spr
dave/cellar/flamea.abm
dave/cellar/flameb.abm
dave/cellar/flamec.abm
dave/cellar/flamed.abm
dave/cellar/flamee.abm
dave/cellar/drip.abm
dave/cellar/glub.abm
dave/cellar/steam.abm
john/board/cdietop.abm
john/board/cdiebtm.abm
john/board/bministr.abm
john/board/cministr.abm
john/marker/blmbeast.abm
john/marker/blmbelle.abm
john/marker/blmpotts.abm
john/marker/blmlumir.abm
john/marker/blmgastn.abm
john/marker/bsmbeast.abm
john/marker/bsmbelle.abm
john/marker/bsmpotts.abm
john/marker/bsmlumir.abm
john/marker/bsmgastn.abm
john/marker/clmbeast.abm
john/marker/clmbelle.abm
john/marker/clmpotts.abm
john/marker/clmlumir.abm
john/marker/clmgastn.abm
john/marker/csmbeast.abm
john/marker/csmbelle.abm
john/marker/csmpotts.abm
john/marker/csmlumir.abm
john/marker/csmgastn.abm
john/target/blefou.spr
john/target/clefoudk.spr
john/target/clefouns.spr
john/trivia/cright.abm
john/trivia/cwrong.abm
john/trivia/ctimebit.abm
john/intro/cbubble.abm
john/intro/cpress.abm
john/match/cheart.abm

