pin/spinner.spr
pin/spinnerb.spr
pin/spinner2.spr
pin/spinner2b.spr
pin/flippers.spr
pin/flippers2.spr
pin/ball.spr
pin/merman.spr
pin/mermaid.spr
pin/icebits.spr
pin/darkflip.spr
pin/redtres.spr
pin/brwntres.spr
pin/pinktres.spr
pin/obsink.spr
pin/crew.spr
pin/eric.spr
pin/barrel.spr
pin/boom.spr
pin/score.spr
pin/fltentacle.spr
pin/flounder.spr
pin/fleye.spr
pin/flshark.spr
pin/trident.spr
pin/ksfish.spr
pin/pinkfsh.spr
pin/orangefsh.spr
pin/eel.spr
pin/bolt.spr
pin/trshark.spr
pin/lavabomb.spr
pin/native.spr
pin/merguard.spr
pin/mgpink.spr
pin/mgblue.spr
pin/icemel.spr
pin/icepal.spr
pin/icefloat.spr
pin/dhead.spr
pin/dfish.spr
pin/dball.spr
pin/cloak.spr
pin/polarbr.spr
pin/pbred.spr
pin/peng.spr
pin/arrow.spr
pin/chief.spr
pin/snail.spr
pin/dolphin.spr
pin/redflip.spr
pin/bubble.spr
pin/whitepearl.spr
pin/yellow.spr
pin/prnticon.spr
