dave/sultan/sltnchp2.spr
dave/sultan/fifibody.spr
dave/sultan/fififth.spr
dave/chip/chip.spr
dave/chip/reflect.spr
dave/chip/arrow.abm
dave/chip/brwnchip.abm
dave/chip/yellchip.abm
dave/chip/rfltchip.abm
dave/chip/star.abm
dave/chip/dust.abm
dave/chip/starcurs.abm
dave/ride/philip.spr
dave/ride/bellhrs2.spr
dave/ride/moon.abm
dave/ride/wolfx.spr
dave/ride/bat.spr
dave/whackoff/wolf.spr
dave/whackoff/wharrow.spr
dave/misc/stages.abm
dave/chopper/log.abm
dave/stove/fire.abm
dave/stove/mspotts.spr
dave/stove/water.spr
dave/spit/bar.abm
dave/cellar/flamea.abm
dave/cellar/flameb.abm
dave/cellar/flamec.abm
dave/cellar/flamed.abm
dave/cellar/flamee.abm
dave/cellar/drip.abm
dave/cellar/glub.abm
dave/cellar/steam.abm
dave/spit/arm.spr
dave/spit/coin.spr
